2023-11-06 10:48:40,329 - INFO - file_cache is only supported with oauth2client<4.0.0
2023-11-06 10:58:21,780 - INFO - file_cache is only supported with oauth2client<4.0.0
2023-11-06 11:02:28,589 - INFO - file_cache is only supported with oauth2client<4.0.0
2023-11-06 11:03:34,941 - INFO - file_cache is only supported with oauth2client<4.0.0
2023-11-06 11:03:35,343 - INFO - Processing channel: Cocomelon - Nursery Rhymes
2023-11-06 11:03:35,344 - ERROR - Error processing channel Cocomelon - Nursery Rhymes: name 'top_video_ids' is not defined
2023-11-06 11:03:35,344 - INFO - Processing channel: MrBeast
2023-11-06 11:03:35,344 - ERROR - Error processing channel MrBeast: name 'top_video_ids' is not defined
2023-11-06 11:03:35,344 - INFO - Processing channel: BB Ki Vines
2023-11-06 11:03:35,344 - ERROR - Error processing channel BB Ki Vines: name 'top_video_ids' is not defined
2023-11-06 11:03:35,344 - INFO - Processing channel: Amit Bhadana
2023-11-06 11:03:35,345 - ERROR - Error processing channel Amit Bhadana: name 'top_video_ids' is not defined
2023-11-06 11:03:35,345 - INFO - Processing channel: HikakinTV
2023-11-06 11:03:35,345 - ERROR - Error processing channel HikakinTV: name 'top_video_ids' is not defined
2023-11-06 11:11:05,780 - INFO - file_cache is only supported with oauth2client<4.0.0
2023-11-06 11:11:06,187 - INFO - Processing channel: MrBeast
2023-11-06 11:11:08,334 - INFO - Processing channel: Cocomelon - Nursery Rhymes
2023-11-06 11:11:08,933 - WARNING - Encountered 403 Forbidden with reason "commentsDisabled"
2023-11-06 11:11:08,934 - ERROR - Error fetching comments for video nOa-h_zc2zs: <HttpError 403 when requesting https://youtube.googleapis.com/youtube/v3/commentThreads?part=snippet&videoId=nOa-h_zc2zs&maxResults=10&key=AIzaSyDs9TExsfc8fDMn4lBRYXZax1vSr0ftsdk&alt=json returned "The video identified by the <code><a href="/youtube/v3/docs/commentThreads/list#videoId">videoId</a></code> parameter has disabled comments.". Details: "[{'message': 'The video identified by the <code><a href="/youtube/v3/docs/commentThreads/list#videoId">videoId</a></code> parameter has disabled comments.', 'domain': 'youtube.commentThread', 'reason': 'commentsDisabled', 'location': 'videoId', 'locationType': 'parameter'}]">
2023-11-06 11:11:08,967 - WARNING - Encountered 403 Forbidden with reason "commentsDisabled"
2023-11-06 11:11:08,967 - ERROR - Error fetching comments for video 5kzGnkP2Q-c: <HttpError 403 when requesting https://youtube.googleapis.com/youtube/v3/commentThreads?part=snippet&videoId=5kzGnkP2Q-c&maxResults=10&key=AIzaSyDs9TExsfc8fDMn4lBRYXZax1vSr0ftsdk&alt=json returned "The video identified by the <code><a href="/youtube/v3/docs/commentThreads/list#videoId">videoId</a></code> parameter has disabled comments.". Details: "[{'message': 'The video identified by the <code><a href="/youtube/v3/docs/commentThreads/list#videoId">videoId</a></code> parameter has disabled comments.', 'domain': 'youtube.commentThread', 'reason': 'commentsDisabled', 'location': 'videoId', 'locationType': 'parameter'}]">
2023-11-06 11:11:09,012 - WARNING - Encountered 403 Forbidden with reason "commentsDisabled"
2023-11-06 11:11:09,012 - ERROR - Error fetching comments for video tenWF0iX8vE: <HttpError 403 when requesting https://youtube.googleapis.com/youtube/v3/commentThreads?part=snippet&videoId=tenWF0iX8vE&maxResults=10&key=AIzaSyDs9TExsfc8fDMn4lBRYXZax1vSr0ftsdk&alt=json returned "The video identified by the <code><a href="/youtube/v3/docs/commentThreads/list#videoId">videoId</a></code> parameter has disabled comments.". Details: "[{'message': 'The video identified by the <code><a href="/youtube/v3/docs/commentThreads/list#videoId">videoId</a></code> parameter has disabled comments.', 'domain': 'youtube.commentThread', 'reason': 'commentsDisabled', 'location': 'videoId', 'locationType': 'parameter'}]">
2023-11-06 11:11:09,092 - WARNING - Encountered 403 Forbidden with reason "commentsDisabled"
2023-11-06 11:11:09,092 - ERROR - Error fetching comments for video Wa-pipMEyKg: <HttpError 403 when requesting https://youtube.googleapis.com/youtube/v3/commentThreads?part=snippet&videoId=Wa-pipMEyKg&maxResults=10&key=AIzaSyDs9TExsfc8fDMn4lBRYXZax1vSr0ftsdk&alt=json returned "The video identified by the <code><a href="/youtube/v3/docs/commentThreads/list#videoId">videoId</a></code> parameter has disabled comments.". Details: "[{'message': 'The video identified by the <code><a href="/youtube/v3/docs/commentThreads/list#videoId">videoId</a></code> parameter has disabled comments.', 'domain': 'youtube.commentThread', 'reason': 'commentsDisabled', 'location': 'videoId', 'locationType': 'parameter'}]">
2023-11-06 11:11:09,150 - WARNING - Encountered 403 Forbidden with reason "commentsDisabled"
2023-11-06 11:11:09,150 - ERROR - Error fetching comments for video TN_YUi9GMcA: <HttpError 403 when requesting https://youtube.googleapis.com/youtube/v3/commentThreads?part=snippet&videoId=TN_YUi9GMcA&maxResults=10&key=AIzaSyDs9TExsfc8fDMn4lBRYXZax1vSr0ftsdk&alt=json returned "The video identified by the <code><a href="/youtube/v3/docs/commentThreads/list#videoId">videoId</a></code> parameter has disabled comments.". Details: "[{'message': 'The video identified by the <code><a href="/youtube/v3/docs/commentThreads/list#videoId">videoId</a></code> parameter has disabled comments.', 'domain': 'youtube.commentThread', 'reason': 'commentsDisabled', 'location': 'videoId', 'locationType': 'parameter'}]">
2023-11-06 11:11:09,234 - WARNING - Encountered 403 Forbidden with reason "commentsDisabled"
2023-11-06 11:11:09,234 - ERROR - Error fetching comments for video gPOKVaO7YYY: <HttpError 403 when requesting https://youtube.googleapis.com/youtube/v3/commentThreads?part=snippet&videoId=gPOKVaO7YYY&maxResults=10&key=AIzaSyDs9TExsfc8fDMn4lBRYXZax1vSr0ftsdk&alt=json returned "The video identified by the <code><a href="/youtube/v3/docs/commentThreads/list#videoId">videoId</a></code> parameter has disabled comments.". Details: "[{'message': 'The video identified by the <code><a href="/youtube/v3/docs/commentThreads/list#videoId">videoId</a></code> parameter has disabled comments.', 'domain': 'youtube.commentThread', 'reason': 'commentsDisabled', 'location': 'videoId', 'locationType': 'parameter'}]">
2023-11-06 11:11:09,285 - WARNING - Encountered 403 Forbidden with reason "commentsDisabled"
2023-11-06 11:11:09,285 - ERROR - Error fetching comments for video P7dqib_1D74: <HttpError 403 when requesting https://youtube.googleapis.com/youtube/v3/commentThreads?part=snippet&videoId=P7dqib_1D74&maxResults=10&key=AIzaSyDs9TExsfc8fDMn4lBRYXZax1vSr0ftsdk&alt=json returned "The video identified by the <code><a href="/youtube/v3/docs/commentThreads/list#videoId">videoId</a></code> parameter has disabled comments.". Details: "[{'message': 'The video identified by the <code><a href="/youtube/v3/docs/commentThreads/list#videoId">videoId</a></code> parameter has disabled comments.', 'domain': 'youtube.commentThread', 'reason': 'commentsDisabled', 'location': 'videoId', 'locationType': 'parameter'}]">
2023-11-06 11:11:09,319 - WARNING - Encountered 403 Forbidden with reason "commentsDisabled"
2023-11-06 11:11:09,319 - ERROR - Error fetching comments for video WPiMSL8RZok: <HttpError 403 when requesting https://youtube.googleapis.com/youtube/v3/commentThreads?part=snippet&videoId=WPiMSL8RZok&maxResults=10&key=AIzaSyDs9TExsfc8fDMn4lBRYXZax1vSr0ftsdk&alt=json returned "The video identified by the <code><a href="/youtube/v3/docs/commentThreads/list#videoId">videoId</a></code> parameter has disabled comments.". Details: "[{'message': 'The video identified by the <code><a href="/youtube/v3/docs/commentThreads/list#videoId">videoId</a></code> parameter has disabled comments.', 'domain': 'youtube.commentThread', 'reason': 'commentsDisabled', 'location': 'videoId', 'locationType': 'parameter'}]">
2023-11-06 11:11:09,358 - WARNING - Encountered 403 Forbidden with reason "commentsDisabled"
2023-11-06 11:11:09,358 - ERROR - Error fetching comments for video E6nD3mIA-ro: <HttpError 403 when requesting https://youtube.googleapis.com/youtube/v3/commentThreads?part=snippet&videoId=E6nD3mIA-ro&maxResults=10&key=AIzaSyDs9TExsfc8fDMn4lBRYXZax1vSr0ftsdk&alt=json returned "The video identified by the <code><a href="/youtube/v3/docs/commentThreads/list#videoId">videoId</a></code> parameter has disabled comments.". Details: "[{'message': 'The video identified by the <code><a href="/youtube/v3/docs/commentThreads/list#videoId">videoId</a></code> parameter has disabled comments.', 'domain': 'youtube.commentThread', 'reason': 'commentsDisabled', 'location': 'videoId', 'locationType': 'parameter'}]">
2023-11-06 11:11:09,397 - WARNING - Encountered 403 Forbidden with reason "commentsDisabled"
2023-11-06 11:11:09,397 - ERROR - Error fetching comments for video 5n_VLmrXFwo: <HttpError 403 when requesting https://youtube.googleapis.com/youtube/v3/commentThreads?part=snippet&videoId=5n_VLmrXFwo&maxResults=10&key=AIzaSyDs9TExsfc8fDMn4lBRYXZax1vSr0ftsdk&alt=json returned "The video identified by the <code><a href="/youtube/v3/docs/commentThreads/list#videoId">videoId</a></code> parameter has disabled comments.". Details: "[{'message': 'The video identified by the <code><a href="/youtube/v3/docs/commentThreads/list#videoId">videoId</a></code> parameter has disabled comments.', 'domain': 'youtube.commentThread', 'reason': 'commentsDisabled', 'location': 'videoId', 'locationType': 'parameter'}]">
2023-11-06 11:11:09,398 - INFO - Processing channel: BB Ki Vines
2023-11-06 11:11:12,167 - INFO - Processing channel: Amit Bhadana
2023-11-06 11:11:14,482 - INFO - Processing channel: HikakinTV
2023-11-06 11:16:10,832 - INFO - file_cache is only supported with oauth2client<4.0.0
2023-11-06 11:16:11,219 - INFO - Processing channel: BB Ki Vines
2023-11-06 11:16:11,340 - ERROR - Error processing channel BB Ki Vines: name 'video_ids' is not defined
2023-11-06 11:16:11,340 - INFO - Processing channel: Cocomelon - Nursery Rhymes
2023-11-06 11:16:11,450 - ERROR - Error processing channel Cocomelon - Nursery Rhymes: name 'video_ids' is not defined
2023-11-06 11:16:11,450 - INFO - Processing channel: Amit Bhadana
2023-11-06 11:16:11,599 - ERROR - Error processing channel Amit Bhadana: name 'video_ids' is not defined
2023-11-06 11:16:11,599 - INFO - Processing channel: HikakinTV
2023-11-06 11:16:12,265 - ERROR - Error processing channel HikakinTV: name 'video_ids' is not defined
2023-11-06 11:16:12,266 - INFO - Processing channel: MrBeast
2023-11-06 11:16:12,353 - ERROR - Error processing channel MrBeast: name 'video_ids' is not defined
2023-11-06 11:30:13,788 - INFO - file_cache is only supported with oauth2client<4.0.0
2023-11-06 11:30:14,212 - INFO - Processing channel: MrBeast
2023-11-06 11:30:16,020 - INFO - Processing channel: HikakinTV
2023-11-06 11:30:18,221 - INFO - Processing channel: Cocomelon - Nursery Rhymes
2023-11-06 11:30:18,820 - WARNING - Encountered 403 Forbidden with reason "commentsDisabled"
2023-11-06 11:30:18,820 - ERROR - Error fetching comments for video nOa-h_zc2zs: <HttpError 403 when requesting https://youtube.googleapis.com/youtube/v3/commentThreads?part=snippet&videoId=nOa-h_zc2zs&maxResults=10&key=AIzaSyDs9TExsfc8fDMn4lBRYXZax1vSr0ftsdk&alt=json returned "The video identified by the <code><a href="/youtube/v3/docs/commentThreads/list#videoId">videoId</a></code> parameter has disabled comments.". Details: "[{'message': 'The video identified by the <code><a href="/youtube/v3/docs/commentThreads/list#videoId">videoId</a></code> parameter has disabled comments.', 'domain': 'youtube.commentThread', 'reason': 'commentsDisabled', 'location': 'videoId', 'locationType': 'parameter'}]">
2023-11-06 11:30:18,870 - WARNING - Encountered 403 Forbidden with reason "commentsDisabled"
2023-11-06 11:30:18,870 - ERROR - Error fetching comments for video 5kzGnkP2Q-c: <HttpError 403 when requesting https://youtube.googleapis.com/youtube/v3/commentThreads?part=snippet&videoId=5kzGnkP2Q-c&maxResults=10&key=AIzaSyDs9TExsfc8fDMn4lBRYXZax1vSr0ftsdk&alt=json returned "The video identified by the <code><a href="/youtube/v3/docs/commentThreads/list#videoId">videoId</a></code> parameter has disabled comments.". Details: "[{'message': 'The video identified by the <code><a href="/youtube/v3/docs/commentThreads/list#videoId">videoId</a></code> parameter has disabled comments.', 'domain': 'youtube.commentThread', 'reason': 'commentsDisabled', 'location': 'videoId', 'locationType': 'parameter'}]">
2023-11-06 11:30:18,901 - WARNING - Encountered 403 Forbidden with reason "commentsDisabled"
2023-11-06 11:30:18,901 - ERROR - Error fetching comments for video tenWF0iX8vE: <HttpError 403 when requesting https://youtube.googleapis.com/youtube/v3/commentThreads?part=snippet&videoId=tenWF0iX8vE&maxResults=10&key=AIzaSyDs9TExsfc8fDMn4lBRYXZax1vSr0ftsdk&alt=json returned "The video identified by the <code><a href="/youtube/v3/docs/commentThreads/list#videoId">videoId</a></code> parameter has disabled comments.". Details: "[{'message': 'The video identified by the <code><a href="/youtube/v3/docs/commentThreads/list#videoId">videoId</a></code> parameter has disabled comments.', 'domain': 'youtube.commentThread', 'reason': 'commentsDisabled', 'location': 'videoId', 'locationType': 'parameter'}]">
2023-11-06 11:30:18,944 - WARNING - Encountered 403 Forbidden with reason "commentsDisabled"
2023-11-06 11:30:18,944 - ERROR - Error fetching comments for video Wa-pipMEyKg: <HttpError 403 when requesting https://youtube.googleapis.com/youtube/v3/commentThreads?part=snippet&videoId=Wa-pipMEyKg&maxResults=10&key=AIzaSyDs9TExsfc8fDMn4lBRYXZax1vSr0ftsdk&alt=json returned "The video identified by the <code><a href="/youtube/v3/docs/commentThreads/list#videoId">videoId</a></code> parameter has disabled comments.". Details: "[{'message': 'The video identified by the <code><a href="/youtube/v3/docs/commentThreads/list#videoId">videoId</a></code> parameter has disabled comments.', 'domain': 'youtube.commentThread', 'reason': 'commentsDisabled', 'location': 'videoId', 'locationType': 'parameter'}]">
2023-11-06 11:30:18,980 - WARNING - Encountered 403 Forbidden with reason "commentsDisabled"
2023-11-06 11:30:18,980 - ERROR - Error fetching comments for video TN_YUi9GMcA: <HttpError 403 when requesting https://youtube.googleapis.com/youtube/v3/commentThreads?part=snippet&videoId=TN_YUi9GMcA&maxResults=10&key=AIzaSyDs9TExsfc8fDMn4lBRYXZax1vSr0ftsdk&alt=json returned "The video identified by the <code><a href="/youtube/v3/docs/commentThreads/list#videoId">videoId</a></code> parameter has disabled comments.". Details: "[{'message': 'The video identified by the <code><a href="/youtube/v3/docs/commentThreads/list#videoId">videoId</a></code> parameter has disabled comments.', 'domain': 'youtube.commentThread', 'reason': 'commentsDisabled', 'location': 'videoId', 'locationType': 'parameter'}]">
2023-11-06 11:30:19,052 - WARNING - Encountered 403 Forbidden with reason "commentsDisabled"
2023-11-06 11:30:19,052 - ERROR - Error fetching comments for video gPOKVaO7YYY: <HttpError 403 when requesting https://youtube.googleapis.com/youtube/v3/commentThreads?part=snippet&videoId=gPOKVaO7YYY&maxResults=10&key=AIzaSyDs9TExsfc8fDMn4lBRYXZax1vSr0ftsdk&alt=json returned "The video identified by the <code><a href="/youtube/v3/docs/commentThreads/list#videoId">videoId</a></code> parameter has disabled comments.". Details: "[{'message': 'The video identified by the <code><a href="/youtube/v3/docs/commentThreads/list#videoId">videoId</a></code> parameter has disabled comments.', 'domain': 'youtube.commentThread', 'reason': 'commentsDisabled', 'location': 'videoId', 'locationType': 'parameter'}]">
2023-11-06 11:30:19,087 - WARNING - Encountered 403 Forbidden with reason "commentsDisabled"
2023-11-06 11:30:19,087 - ERROR - Error fetching comments for video P7dqib_1D74: <HttpError 403 when requesting https://youtube.googleapis.com/youtube/v3/commentThreads?part=snippet&videoId=P7dqib_1D74&maxResults=10&key=AIzaSyDs9TExsfc8fDMn4lBRYXZax1vSr0ftsdk&alt=json returned "The video identified by the <code><a href="/youtube/v3/docs/commentThreads/list#videoId">videoId</a></code> parameter has disabled comments.". Details: "[{'message': 'The video identified by the <code><a href="/youtube/v3/docs/commentThreads/list#videoId">videoId</a></code> parameter has disabled comments.', 'domain': 'youtube.commentThread', 'reason': 'commentsDisabled', 'location': 'videoId', 'locationType': 'parameter'}]">
2023-11-06 11:30:19,114 - WARNING - Encountered 403 Forbidden with reason "commentsDisabled"
2023-11-06 11:30:19,114 - ERROR - Error fetching comments for video WPiMSL8RZok: <HttpError 403 when requesting https://youtube.googleapis.com/youtube/v3/commentThreads?part=snippet&videoId=WPiMSL8RZok&maxResults=10&key=AIzaSyDs9TExsfc8fDMn4lBRYXZax1vSr0ftsdk&alt=json returned "The video identified by the <code><a href="/youtube/v3/docs/commentThreads/list#videoId">videoId</a></code> parameter has disabled comments.". Details: "[{'message': 'The video identified by the <code><a href="/youtube/v3/docs/commentThreads/list#videoId">videoId</a></code> parameter has disabled comments.', 'domain': 'youtube.commentThread', 'reason': 'commentsDisabled', 'location': 'videoId', 'locationType': 'parameter'}]">
2023-11-06 11:30:19,153 - WARNING - Encountered 403 Forbidden with reason "commentsDisabled"
2023-11-06 11:30:19,154 - ERROR - Error fetching comments for video E6nD3mIA-ro: <HttpError 403 when requesting https://youtube.googleapis.com/youtube/v3/commentThreads?part=snippet&videoId=E6nD3mIA-ro&maxResults=10&key=AIzaSyDs9TExsfc8fDMn4lBRYXZax1vSr0ftsdk&alt=json returned "The video identified by the <code><a href="/youtube/v3/docs/commentThreads/list#videoId">videoId</a></code> parameter has disabled comments.". Details: "[{'message': 'The video identified by the <code><a href="/youtube/v3/docs/commentThreads/list#videoId">videoId</a></code> parameter has disabled comments.', 'domain': 'youtube.commentThread', 'reason': 'commentsDisabled', 'location': 'videoId', 'locationType': 'parameter'}]">
2023-11-06 11:30:19,182 - WARNING - Encountered 403 Forbidden with reason "commentsDisabled"
2023-11-06 11:30:19,182 - ERROR - Error fetching comments for video 5n_VLmrXFwo: <HttpError 403 when requesting https://youtube.googleapis.com/youtube/v3/commentThreads?part=snippet&videoId=5n_VLmrXFwo&maxResults=10&key=AIzaSyDs9TExsfc8fDMn4lBRYXZax1vSr0ftsdk&alt=json returned "The video identified by the <code><a href="/youtube/v3/docs/commentThreads/list#videoId">videoId</a></code> parameter has disabled comments.". Details: "[{'message': 'The video identified by the <code><a href="/youtube/v3/docs/commentThreads/list#videoId">videoId</a></code> parameter has disabled comments.', 'domain': 'youtube.commentThread', 'reason': 'commentsDisabled', 'location': 'videoId', 'locationType': 'parameter'}]">
2023-11-06 11:30:19,183 - INFO - Processing channel: BB Ki Vines
2023-11-06 11:30:21,205 - INFO - Processing channel: Amit Bhadana
2023-11-06 11:35:24,477 - INFO - file_cache is only supported with oauth2client<4.0.0
2023-11-06 11:35:24,874 - INFO - Processing channel: HikakinTV
2023-11-06 11:35:27,344 - INFO - Processing channel: Amit Bhadana
2023-11-06 11:35:29,210 - INFO - Processing channel: BB Ki Vines
2023-11-06 11:35:31,040 - INFO - Processing channel: MrBeast
2023-11-06 11:35:32,740 - INFO - Processing channel: Cocomelon - Nursery Rhymes
2023-11-06 11:35:33,303 - WARNING - Encountered 403 Forbidden with reason "commentsDisabled"
2023-11-06 11:35:33,303 - ERROR - Error fetching comments for video nOa-h_zc2zs: <HttpError 403 when requesting https://youtube.googleapis.com/youtube/v3/commentThreads?part=snippet&videoId=nOa-h_zc2zs&maxResults=10&key=AIzaSyDs9TExsfc8fDMn4lBRYXZax1vSr0ftsdk&alt=json returned "The video identified by the <code><a href="/youtube/v3/docs/commentThreads/list#videoId">videoId</a></code> parameter has disabled comments.". Details: "[{'message': 'The video identified by the <code><a href="/youtube/v3/docs/commentThreads/list#videoId">videoId</a></code> parameter has disabled comments.', 'domain': 'youtube.commentThread', 'reason': 'commentsDisabled', 'location': 'videoId', 'locationType': 'parameter'}]">
2023-11-06 11:35:33,332 - WARNING - Encountered 403 Forbidden with reason "commentsDisabled"
2023-11-06 11:35:33,332 - ERROR - Error fetching comments for video 5kzGnkP2Q-c: <HttpError 403 when requesting https://youtube.googleapis.com/youtube/v3/commentThreads?part=snippet&videoId=5kzGnkP2Q-c&maxResults=10&key=AIzaSyDs9TExsfc8fDMn4lBRYXZax1vSr0ftsdk&alt=json returned "The video identified by the <code><a href="/youtube/v3/docs/commentThreads/list#videoId">videoId</a></code> parameter has disabled comments.". Details: "[{'message': 'The video identified by the <code><a href="/youtube/v3/docs/commentThreads/list#videoId">videoId</a></code> parameter has disabled comments.', 'domain': 'youtube.commentThread', 'reason': 'commentsDisabled', 'location': 'videoId', 'locationType': 'parameter'}]">
2023-11-06 11:35:33,375 - WARNING - Encountered 403 Forbidden with reason "commentsDisabled"
2023-11-06 11:35:33,375 - ERROR - Error fetching comments for video tenWF0iX8vE: <HttpError 403 when requesting https://youtube.googleapis.com/youtube/v3/commentThreads?part=snippet&videoId=tenWF0iX8vE&maxResults=10&key=AIzaSyDs9TExsfc8fDMn4lBRYXZax1vSr0ftsdk&alt=json returned "The video identified by the <code><a href="/youtube/v3/docs/commentThreads/list#videoId">videoId</a></code> parameter has disabled comments.". Details: "[{'message': 'The video identified by the <code><a href="/youtube/v3/docs/commentThreads/list#videoId">videoId</a></code> parameter has disabled comments.', 'domain': 'youtube.commentThread', 'reason': 'commentsDisabled', 'location': 'videoId', 'locationType': 'parameter'}]">
2023-11-06 11:35:33,429 - WARNING - Encountered 403 Forbidden with reason "commentsDisabled"
2023-11-06 11:35:33,429 - ERROR - Error fetching comments for video Wa-pipMEyKg: <HttpError 403 when requesting https://youtube.googleapis.com/youtube/v3/commentThreads?part=snippet&videoId=Wa-pipMEyKg&maxResults=10&key=AIzaSyDs9TExsfc8fDMn4lBRYXZax1vSr0ftsdk&alt=json returned "The video identified by the <code><a href="/youtube/v3/docs/commentThreads/list#videoId">videoId</a></code> parameter has disabled comments.". Details: "[{'message': 'The video identified by the <code><a href="/youtube/v3/docs/commentThreads/list#videoId">videoId</a></code> parameter has disabled comments.', 'domain': 'youtube.commentThread', 'reason': 'commentsDisabled', 'location': 'videoId', 'locationType': 'parameter'}]">
2023-11-06 11:35:33,458 - WARNING - Encountered 403 Forbidden with reason "commentsDisabled"
2023-11-06 11:35:33,458 - ERROR - Error fetching comments for video TN_YUi9GMcA: <HttpError 403 when requesting https://youtube.googleapis.com/youtube/v3/commentThreads?part=snippet&videoId=TN_YUi9GMcA&maxResults=10&key=AIzaSyDs9TExsfc8fDMn4lBRYXZax1vSr0ftsdk&alt=json returned "The video identified by the <code><a href="/youtube/v3/docs/commentThreads/list#videoId">videoId</a></code> parameter has disabled comments.". Details: "[{'message': 'The video identified by the <code><a href="/youtube/v3/docs/commentThreads/list#videoId">videoId</a></code> parameter has disabled comments.', 'domain': 'youtube.commentThread', 'reason': 'commentsDisabled', 'location': 'videoId', 'locationType': 'parameter'}]">
2023-11-06 11:35:33,487 - WARNING - Encountered 403 Forbidden with reason "commentsDisabled"
2023-11-06 11:35:33,487 - ERROR - Error fetching comments for video gPOKVaO7YYY: <HttpError 403 when requesting https://youtube.googleapis.com/youtube/v3/commentThreads?part=snippet&videoId=gPOKVaO7YYY&maxResults=10&key=AIzaSyDs9TExsfc8fDMn4lBRYXZax1vSr0ftsdk&alt=json returned "The video identified by the <code><a href="/youtube/v3/docs/commentThreads/list#videoId">videoId</a></code> parameter has disabled comments.". Details: "[{'message': 'The video identified by the <code><a href="/youtube/v3/docs/commentThreads/list#videoId">videoId</a></code> parameter has disabled comments.', 'domain': 'youtube.commentThread', 'reason': 'commentsDisabled', 'location': 'videoId', 'locationType': 'parameter'}]">
2023-11-06 11:35:33,521 - WARNING - Encountered 403 Forbidden with reason "commentsDisabled"
2023-11-06 11:35:33,521 - ERROR - Error fetching comments for video P7dqib_1D74: <HttpError 403 when requesting https://youtube.googleapis.com/youtube/v3/commentThreads?part=snippet&videoId=P7dqib_1D74&maxResults=10&key=AIzaSyDs9TExsfc8fDMn4lBRYXZax1vSr0ftsdk&alt=json returned "The video identified by the <code><a href="/youtube/v3/docs/commentThreads/list#videoId">videoId</a></code> parameter has disabled comments.". Details: "[{'message': 'The video identified by the <code><a href="/youtube/v3/docs/commentThreads/list#videoId">videoId</a></code> parameter has disabled comments.', 'domain': 'youtube.commentThread', 'reason': 'commentsDisabled', 'location': 'videoId', 'locationType': 'parameter'}]">
2023-11-06 11:35:33,569 - WARNING - Encountered 403 Forbidden with reason "commentsDisabled"
2023-11-06 11:35:33,569 - ERROR - Error fetching comments for video WPiMSL8RZok: <HttpError 403 when requesting https://youtube.googleapis.com/youtube/v3/commentThreads?part=snippet&videoId=WPiMSL8RZok&maxResults=10&key=AIzaSyDs9TExsfc8fDMn4lBRYXZax1vSr0ftsdk&alt=json returned "The video identified by the <code><a href="/youtube/v3/docs/commentThreads/list#videoId">videoId</a></code> parameter has disabled comments.". Details: "[{'message': 'The video identified by the <code><a href="/youtube/v3/docs/commentThreads/list#videoId">videoId</a></code> parameter has disabled comments.', 'domain': 'youtube.commentThread', 'reason': 'commentsDisabled', 'location': 'videoId', 'locationType': 'parameter'}]">
2023-11-06 11:35:33,604 - WARNING - Encountered 403 Forbidden with reason "commentsDisabled"
2023-11-06 11:35:33,604 - ERROR - Error fetching comments for video E6nD3mIA-ro: <HttpError 403 when requesting https://youtube.googleapis.com/youtube/v3/commentThreads?part=snippet&videoId=E6nD3mIA-ro&maxResults=10&key=AIzaSyDs9TExsfc8fDMn4lBRYXZax1vSr0ftsdk&alt=json returned "The video identified by the <code><a href="/youtube/v3/docs/commentThreads/list#videoId">videoId</a></code> parameter has disabled comments.". Details: "[{'message': 'The video identified by the <code><a href="/youtube/v3/docs/commentThreads/list#videoId">videoId</a></code> parameter has disabled comments.', 'domain': 'youtube.commentThread', 'reason': 'commentsDisabled', 'location': 'videoId', 'locationType': 'parameter'}]">
2023-11-06 11:35:33,633 - WARNING - Encountered 403 Forbidden with reason "commentsDisabled"
2023-11-06 11:35:33,633 - ERROR - Error fetching comments for video 5n_VLmrXFwo: <HttpError 403 when requesting https://youtube.googleapis.com/youtube/v3/commentThreads?part=snippet&videoId=5n_VLmrXFwo&maxResults=10&key=AIzaSyDs9TExsfc8fDMn4lBRYXZax1vSr0ftsdk&alt=json returned "The video identified by the <code><a href="/youtube/v3/docs/commentThreads/list#videoId">videoId</a></code> parameter has disabled comments.". Details: "[{'message': 'The video identified by the <code><a href="/youtube/v3/docs/commentThreads/list#videoId">videoId</a></code> parameter has disabled comments.', 'domain': 'youtube.commentThread', 'reason': 'commentsDisabled', 'location': 'videoId', 'locationType': 'parameter'}]">
2023-11-06 12:38:53,412 - INFO - file_cache is only supported with oauth2client<4.0.0
2023-11-06 12:38:53,841 - INFO - Processing channel: Luisito Comunica
2023-11-06 12:38:57,365 - INFO - Processing channel: Cocomelon - Nursery Rhymes
2023-11-06 12:38:57,968 - WARNING - Encountered 403 Forbidden with reason "commentsDisabled"
2023-11-06 12:38:57,968 - ERROR - Error fetching comments for video nOa-h_zc2zs: <HttpError 403 when requesting https://youtube.googleapis.com/youtube/v3/commentThreads?part=snippet&videoId=nOa-h_zc2zs&maxResults=10&order=relevance&key=AIzaSyDs9TExsfc8fDMn4lBRYXZax1vSr0ftsdk&alt=json returned "The video identified by the <code><a href="/youtube/v3/docs/commentThreads/list#videoId">videoId</a></code> parameter has disabled comments.". Details: "[{'message': 'The video identified by the <code><a href="/youtube/v3/docs/commentThreads/list#videoId">videoId</a></code> parameter has disabled comments.', 'domain': 'youtube.commentThread', 'reason': 'commentsDisabled', 'location': 'videoId', 'locationType': 'parameter'}]">
2023-11-06 12:38:58,044 - WARNING - Encountered 403 Forbidden with reason "commentsDisabled"
2023-11-06 12:38:58,044 - ERROR - Error fetching comments for video 5kzGnkP2Q-c: <HttpError 403 when requesting https://youtube.googleapis.com/youtube/v3/commentThreads?part=snippet&videoId=5kzGnkP2Q-c&maxResults=10&order=relevance&key=AIzaSyDs9TExsfc8fDMn4lBRYXZax1vSr0ftsdk&alt=json returned "The video identified by the <code><a href="/youtube/v3/docs/commentThreads/list#videoId">videoId</a></code> parameter has disabled comments.". Details: "[{'message': 'The video identified by the <code><a href="/youtube/v3/docs/commentThreads/list#videoId">videoId</a></code> parameter has disabled comments.', 'domain': 'youtube.commentThread', 'reason': 'commentsDisabled', 'location': 'videoId', 'locationType': 'parameter'}]">
2023-11-06 12:38:58,087 - WARNING - Encountered 403 Forbidden with reason "commentsDisabled"
2023-11-06 12:38:58,087 - ERROR - Error fetching comments for video tenWF0iX8vE: <HttpError 403 when requesting https://youtube.googleapis.com/youtube/v3/commentThreads?part=snippet&videoId=tenWF0iX8vE&maxResults=10&order=relevance&key=AIzaSyDs9TExsfc8fDMn4lBRYXZax1vSr0ftsdk&alt=json returned "The video identified by the <code><a href="/youtube/v3/docs/commentThreads/list#videoId">videoId</a></code> parameter has disabled comments.". Details: "[{'message': 'The video identified by the <code><a href="/youtube/v3/docs/commentThreads/list#videoId">videoId</a></code> parameter has disabled comments.', 'domain': 'youtube.commentThread', 'reason': 'commentsDisabled', 'location': 'videoId', 'locationType': 'parameter'}]">
2023-11-06 12:38:58,121 - WARNING - Encountered 403 Forbidden with reason "commentsDisabled"
2023-11-06 12:38:58,121 - ERROR - Error fetching comments for video Wa-pipMEyKg: <HttpError 403 when requesting https://youtube.googleapis.com/youtube/v3/commentThreads?part=snippet&videoId=Wa-pipMEyKg&maxResults=10&order=relevance&key=AIzaSyDs9TExsfc8fDMn4lBRYXZax1vSr0ftsdk&alt=json returned "The video identified by the <code><a href="/youtube/v3/docs/commentThreads/list#videoId">videoId</a></code> parameter has disabled comments.". Details: "[{'message': 'The video identified by the <code><a href="/youtube/v3/docs/commentThreads/list#videoId">videoId</a></code> parameter has disabled comments.', 'domain': 'youtube.commentThread', 'reason': 'commentsDisabled', 'location': 'videoId', 'locationType': 'parameter'}]">
2023-11-06 12:38:58,171 - WARNING - Encountered 403 Forbidden with reason "commentsDisabled"
2023-11-06 12:38:58,171 - ERROR - Error fetching comments for video TN_YUi9GMcA: <HttpError 403 when requesting https://youtube.googleapis.com/youtube/v3/commentThreads?part=snippet&videoId=TN_YUi9GMcA&maxResults=10&order=relevance&key=AIzaSyDs9TExsfc8fDMn4lBRYXZax1vSr0ftsdk&alt=json returned "The video identified by the <code><a href="/youtube/v3/docs/commentThreads/list#videoId">videoId</a></code> parameter has disabled comments.". Details: "[{'message': 'The video identified by the <code><a href="/youtube/v3/docs/commentThreads/list#videoId">videoId</a></code> parameter has disabled comments.', 'domain': 'youtube.commentThread', 'reason': 'commentsDisabled', 'location': 'videoId', 'locationType': 'parameter'}]">
2023-11-06 12:38:58,205 - WARNING - Encountered 403 Forbidden with reason "commentsDisabled"
2023-11-06 12:38:58,205 - ERROR - Error fetching comments for video gPOKVaO7YYY: <HttpError 403 when requesting https://youtube.googleapis.com/youtube/v3/commentThreads?part=snippet&videoId=gPOKVaO7YYY&maxResults=10&order=relevance&key=AIzaSyDs9TExsfc8fDMn4lBRYXZax1vSr0ftsdk&alt=json returned "The video identified by the <code><a href="/youtube/v3/docs/commentThreads/list#videoId">videoId</a></code> parameter has disabled comments.". Details: "[{'message': 'The video identified by the <code><a href="/youtube/v3/docs/commentThreads/list#videoId">videoId</a></code> parameter has disabled comments.', 'domain': 'youtube.commentThread', 'reason': 'commentsDisabled', 'location': 'videoId', 'locationType': 'parameter'}]">
2023-11-06 12:38:58,246 - WARNING - Encountered 403 Forbidden with reason "commentsDisabled"
2023-11-06 12:38:58,246 - ERROR - Error fetching comments for video P7dqib_1D74: <HttpError 403 when requesting https://youtube.googleapis.com/youtube/v3/commentThreads?part=snippet&videoId=P7dqib_1D74&maxResults=10&order=relevance&key=AIzaSyDs9TExsfc8fDMn4lBRYXZax1vSr0ftsdk&alt=json returned "The video identified by the <code><a href="/youtube/v3/docs/commentThreads/list#videoId">videoId</a></code> parameter has disabled comments.". Details: "[{'message': 'The video identified by the <code><a href="/youtube/v3/docs/commentThreads/list#videoId">videoId</a></code> parameter has disabled comments.', 'domain': 'youtube.commentThread', 'reason': 'commentsDisabled', 'location': 'videoId', 'locationType': 'parameter'}]">
2023-11-06 12:38:58,277 - WARNING - Encountered 403 Forbidden with reason "commentsDisabled"
2023-11-06 12:38:58,277 - ERROR - Error fetching comments for video WPiMSL8RZok: <HttpError 403 when requesting https://youtube.googleapis.com/youtube/v3/commentThreads?part=snippet&videoId=WPiMSL8RZok&maxResults=10&order=relevance&key=AIzaSyDs9TExsfc8fDMn4lBRYXZax1vSr0ftsdk&alt=json returned "The video identified by the <code><a href="/youtube/v3/docs/commentThreads/list#videoId">videoId</a></code> parameter has disabled comments.". Details: "[{'message': 'The video identified by the <code><a href="/youtube/v3/docs/commentThreads/list#videoId">videoId</a></code> parameter has disabled comments.', 'domain': 'youtube.commentThread', 'reason': 'commentsDisabled', 'location': 'videoId', 'locationType': 'parameter'}]">
2023-11-06 12:38:58,317 - WARNING - Encountered 403 Forbidden with reason "commentsDisabled"
2023-11-06 12:38:58,317 - ERROR - Error fetching comments for video E6nD3mIA-ro: <HttpError 403 when requesting https://youtube.googleapis.com/youtube/v3/commentThreads?part=snippet&videoId=E6nD3mIA-ro&maxResults=10&order=relevance&key=AIzaSyDs9TExsfc8fDMn4lBRYXZax1vSr0ftsdk&alt=json returned "The video identified by the <code><a href="/youtube/v3/docs/commentThreads/list#videoId">videoId</a></code> parameter has disabled comments.". Details: "[{'message': 'The video identified by the <code><a href="/youtube/v3/docs/commentThreads/list#videoId">videoId</a></code> parameter has disabled comments.', 'domain': 'youtube.commentThread', 'reason': 'commentsDisabled', 'location': 'videoId', 'locationType': 'parameter'}]">
2023-11-06 12:38:58,368 - WARNING - Encountered 403 Forbidden with reason "commentsDisabled"
2023-11-06 12:38:58,368 - ERROR - Error fetching comments for video 5n_VLmrXFwo: <HttpError 403 when requesting https://youtube.googleapis.com/youtube/v3/commentThreads?part=snippet&videoId=5n_VLmrXFwo&maxResults=10&order=relevance&key=AIzaSyDs9TExsfc8fDMn4lBRYXZax1vSr0ftsdk&alt=json returned "The video identified by the <code><a href="/youtube/v3/docs/commentThreads/list#videoId">videoId</a></code> parameter has disabled comments.". Details: "[{'message': 'The video identified by the <code><a href="/youtube/v3/docs/commentThreads/list#videoId">videoId</a></code> parameter has disabled comments.', 'domain': 'youtube.commentThread', 'reason': 'commentsDisabled', 'location': 'videoId', 'locationType': 'parameter'}]">
2023-11-06 12:38:58,369 - INFO - Processing channel: MrBeast
2023-11-06 12:39:01,820 - INFO - Processing channel: Amit Bhadana
2023-11-06 12:39:05,416 - INFO - Processing channel: Badabun
2023-11-06 12:39:07,821 - INFO - Processing channel: BB Ki Vines
2023-11-06 12:39:11,583 - INFO - Processing channel: BLACKPINK
2023-11-06 12:39:14,938 - INFO - Processing channel: HikakinTV
2023-11-06 12:39:18,293 - INFO - Processing channel: Aqua Ch. \u6e4a\u3042\u304f\u3042
2023-11-06 14:09:46,839 - INFO - file_cache is only supported with oauth2client<4.0.0
2023-11-06 14:12:16,814 - INFO - file_cache is only supported with oauth2client<4.0.0
2023-11-06 14:12:17,273 - INFO - Processing channel: Luisito Comunica
2023-11-06 14:12:18,429 - ERROR - Error fetching comments for video fTUre_Sl20A: name 'playlist_id' is not defined
2023-11-06 14:12:18,611 - ERROR - Error fetching comments for video Zh6kAWTGQ0s: name 'playlist_id' is not defined
2023-11-06 14:12:18,972 - ERROR - Error fetching comments for video WIOOLzXpdRw: name 'playlist_id' is not defined
2023-11-06 14:12:19,231 - ERROR - Error fetching comments for video u_7nNWRg8L8: name 'playlist_id' is not defined
2023-11-06 14:12:19,532 - ERROR - Error fetching comments for video 1zOJv-JuXuQ: name 'playlist_id' is not defined
2023-11-06 14:12:19,922 - ERROR - Error fetching comments for video cdEjMstxXpk: name 'playlist_id' is not defined
2023-11-06 14:12:20,255 - ERROR - Error fetching comments for video Wa7zKL2abFc: name 'playlist_id' is not defined
2023-11-06 14:12:20,538 - ERROR - Error fetching comments for video PAjZE9CdSnY: name 'playlist_id' is not defined
2023-11-06 14:12:20,878 - ERROR - Error fetching comments for video wUuS1JCZGHs: name 'playlist_id' is not defined
2023-11-06 14:12:21,155 - ERROR - Error fetching comments for video ow1wdsm64Jk: name 'playlist_id' is not defined
2023-11-06 14:12:21,156 - INFO - Processing channel: Aqua Ch. \u6e4a\u3042\u304f\u3042
2023-11-06 14:12:22,042 - ERROR - Error fetching comments for video kbdKjI4Wfvk: name 'playlist_id' is not defined
2023-11-06 14:12:22,267 - ERROR - Error fetching comments for video f5y29bL-VmE: name 'playlist_id' is not defined
2023-11-06 14:12:22,564 - ERROR - Error fetching comments for video uWYnnKX9h0E: name 'playlist_id' is not defined
2023-11-06 14:12:22,818 - ERROR - Error fetching comments for video isoHzeKjeCY: name 'playlist_id' is not defined
2023-11-06 14:12:23,001 - ERROR - Error fetching comments for video PfH3ujl1G24: name 'playlist_id' is not defined
2023-11-06 14:12:23,329 - ERROR - Error fetching comments for video P2JRlW8ShIA: name 'playlist_id' is not defined
2023-11-06 14:12:23,590 - ERROR - Error fetching comments for video D9ZcWMN0p_Y: name 'playlist_id' is not defined
2023-11-06 14:12:23,728 - ERROR - Error fetching comments for video jEsy2SstFg4: name 'playlist_id' is not defined
2023-11-06 14:12:23,910 - ERROR - Error fetching comments for video iUF4xe8wHkU: name 'playlist_id' is not defined
2023-11-06 14:12:24,150 - ERROR - Error fetching comments for video 4-3TTGBSnqk: name 'playlist_id' is not defined
2023-11-06 14:12:24,151 - INFO - Processing channel: MrBeast
2023-11-06 14:12:25,006 - ERROR - Error fetching comments for video mwKJfNYwvm8: name 'playlist_id' is not defined
2023-11-06 14:12:25,323 - ERROR - Error fetching comments for video l9_8_pDTmis: name 'playlist_id' is not defined
2023-11-06 14:12:25,619 - ERROR - Error fetching comments for video n7x4Jj9pdH8: name 'playlist_id' is not defined
2023-11-06 14:12:25,904 - ERROR - Error fetching comments for video QjvpjXdgugA: name 'playlist_id' is not defined
2023-11-06 14:12:26,180 - ERROR - Error fetching comments for video jGAJCAuV3pQ: name 'playlist_id' is not defined
2023-11-06 14:12:26,461 - ERROR - Error fetching comments for video c0v8OPItCOg: name 'playlist_id' is not defined
2023-11-06 14:12:26,776 - ERROR - Error fetching comments for video 3ryID_SwU5E: name 'playlist_id' is not defined
2023-11-06 14:12:27,048 - ERROR - Error fetching comments for video IemzxkkzI5s: name 'playlist_id' is not defined
2023-11-06 14:12:27,332 - ERROR - Error fetching comments for video 3OFj6l2tQ9s: name 'playlist_id' is not defined
2023-11-06 14:12:27,591 - ERROR - Error fetching comments for video bvlFjrcpD6s: name 'playlist_id' is not defined
2023-11-06 14:12:27,592 - INFO - Processing channel: BB Ki Vines
2023-11-06 14:12:28,427 - ERROR - Error fetching comments for video UrIaQbIK2E4: name 'playlist_id' is not defined
2023-11-06 14:12:28,863 - ERROR - Error fetching comments for video Nwh6CQ50h0g: name 'playlist_id' is not defined
2023-11-06 14:12:29,164 - ERROR - Error fetching comments for video HbTON0nb4DU: name 'playlist_id' is not defined
2023-11-06 14:12:29,456 - ERROR - Error fetching comments for video zm6xa3ggt5A: name 'playlist_id' is not defined
2023-11-06 14:12:29,870 - ERROR - Error fetching comments for video xNTW2KfErTM: name 'playlist_id' is not defined
2023-11-06 14:12:30,264 - ERROR - Error fetching comments for video cVPI4ppiDSA: name 'playlist_id' is not defined
2023-11-06 14:12:30,591 - ERROR - Error fetching comments for video xna_PkWzPVE: name 'playlist_id' is not defined
2023-11-06 14:12:30,997 - ERROR - Error fetching comments for video PgKxqbXO198: name 'playlist_id' is not defined
2023-11-06 14:12:31,425 - ERROR - Error fetching comments for video WEExPj6CMss: name 'playlist_id' is not defined
2023-11-06 14:12:31,748 - ERROR - Error fetching comments for video l8zlKap1JEo: name 'playlist_id' is not defined
2023-11-06 14:12:31,749 - INFO - Processing channel: Amit Bhadana
2023-11-06 14:12:32,734 - ERROR - Error fetching comments for video 0msPCoU0GY8: name 'playlist_id' is not defined
2023-11-06 14:12:33,095 - ERROR - Error fetching comments for video d3O2cnQHItg: name 'playlist_id' is not defined
2023-11-06 14:12:33,487 - ERROR - Error fetching comments for video OKzvVmX7naI: name 'playlist_id' is not defined
2023-11-06 14:12:33,960 - ERROR - Error fetching comments for video AlAJ3Ykst7E: name 'playlist_id' is not defined
2023-11-06 14:12:34,371 - ERROR - Error fetching comments for video BwBY_2w1Ygo: name 'playlist_id' is not defined
2023-11-06 14:12:34,661 - ERROR - Error fetching comments for video cE0ZbRKWK8c: name 'playlist_id' is not defined
2023-11-06 14:12:34,965 - ERROR - Error fetching comments for video Mhkb8EbZaf0: name 'playlist_id' is not defined
2023-11-06 14:12:35,317 - ERROR - Error fetching comments for video XS0ANHZQbOg: name 'playlist_id' is not defined
2023-11-06 14:12:35,581 - ERROR - Error fetching comments for video 8KxhPvDw97U: name 'playlist_id' is not defined
2023-11-06 14:12:35,875 - ERROR - Error fetching comments for video 45n4vHs1hww: name 'playlist_id' is not defined
2023-11-06 14:12:35,876 - INFO - Processing channel: BLACKPINK
2023-11-06 14:12:36,866 - ERROR - Error fetching comments for video 6lw4Cbk1IzA: name 'playlist_id' is not defined
2023-11-06 14:12:37,200 - ERROR - Error fetching comments for video Yl_rmlS4u9s: name 'playlist_id' is not defined
2023-11-06 14:12:37,607 - ERROR - Error fetching comments for video q9lQG1shW6o: name 'playlist_id' is not defined
2023-11-06 14:12:37,840 - ERROR - Error fetching comments for video OCxrWKk-Jbw: name 'playlist_id' is not defined
2023-11-06 14:12:38,160 - ERROR - Error fetching comments for video ZgLlabyz7oY: name 'playlist_id' is not defined
2023-11-06 14:12:38,420 - ERROR - Error fetching comments for video fLfPgF92c-g: name 'playlist_id' is not defined
2023-11-06 14:12:38,679 - ERROR - Error fetching comments for video ZSc-zcWl2g8: name 'playlist_id' is not defined
2023-11-06 14:12:38,979 - ERROR - Error fetching comments for video jFJzCODStOQ: name 'playlist_id' is not defined
2023-11-06 14:12:39,261 - ERROR - Error fetching comments for video TIbItS4-4bQ: name 'playlist_id' is not defined
2023-11-06 14:12:39,533 - ERROR - Error fetching comments for video CpbJO2Z6DA4: name 'playlist_id' is not defined
2023-11-06 14:12:39,534 - INFO - Processing channel: Cocomelon - Nursery Rhymes
2023-11-06 14:12:40,061 - WARNING - Encountered 403 Forbidden with reason "commentsDisabled"
2023-11-06 14:12:40,061 - ERROR - Error fetching comments for video nOa-h_zc2zs: <HttpError 403 when requesting https://youtube.googleapis.com/youtube/v3/commentThreads?part=snippet&videoId=nOa-h_zc2zs&maxResults=10&order=relevance&key=AIzaSyDs9TExsfc8fDMn4lBRYXZax1vSr0ftsdk&alt=json returned "The video identified by the <code><a href="/youtube/v3/docs/commentThreads/list#videoId">videoId</a></code> parameter has disabled comments.". Details: "[{'message': 'The video identified by the <code><a href="/youtube/v3/docs/commentThreads/list#videoId">videoId</a></code> parameter has disabled comments.', 'domain': 'youtube.commentThread', 'reason': 'commentsDisabled', 'location': 'videoId', 'locationType': 'parameter'}]">
2023-11-06 14:12:40,105 - WARNING - Encountered 403 Forbidden with reason "commentsDisabled"
2023-11-06 14:12:40,106 - ERROR - Error fetching comments for video 5kzGnkP2Q-c: <HttpError 403 when requesting https://youtube.googleapis.com/youtube/v3/commentThreads?part=snippet&videoId=5kzGnkP2Q-c&maxResults=10&order=relevance&key=AIzaSyDs9TExsfc8fDMn4lBRYXZax1vSr0ftsdk&alt=json returned "The video identified by the <code><a href="/youtube/v3/docs/commentThreads/list#videoId">videoId</a></code> parameter has disabled comments.". Details: "[{'message': 'The video identified by the <code><a href="/youtube/v3/docs/commentThreads/list#videoId">videoId</a></code> parameter has disabled comments.', 'domain': 'youtube.commentThread', 'reason': 'commentsDisabled', 'location': 'videoId', 'locationType': 'parameter'}]">
2023-11-06 14:12:40,135 - WARNING - Encountered 403 Forbidden with reason "commentsDisabled"
2023-11-06 14:12:40,135 - ERROR - Error fetching comments for video tenWF0iX8vE: <HttpError 403 when requesting https://youtube.googleapis.com/youtube/v3/commentThreads?part=snippet&videoId=tenWF0iX8vE&maxResults=10&order=relevance&key=AIzaSyDs9TExsfc8fDMn4lBRYXZax1vSr0ftsdk&alt=json returned "The video identified by the <code><a href="/youtube/v3/docs/commentThreads/list#videoId">videoId</a></code> parameter has disabled comments.". Details: "[{'message': 'The video identified by the <code><a href="/youtube/v3/docs/commentThreads/list#videoId">videoId</a></code> parameter has disabled comments.', 'domain': 'youtube.commentThread', 'reason': 'commentsDisabled', 'location': 'videoId', 'locationType': 'parameter'}]">
2023-11-06 14:12:40,178 - WARNING - Encountered 403 Forbidden with reason "commentsDisabled"
2023-11-06 14:12:40,178 - ERROR - Error fetching comments for video Wa-pipMEyKg: <HttpError 403 when requesting https://youtube.googleapis.com/youtube/v3/commentThreads?part=snippet&videoId=Wa-pipMEyKg&maxResults=10&order=relevance&key=AIzaSyDs9TExsfc8fDMn4lBRYXZax1vSr0ftsdk&alt=json returned "The video identified by the <code><a href="/youtube/v3/docs/commentThreads/list#videoId">videoId</a></code> parameter has disabled comments.". Details: "[{'message': 'The video identified by the <code><a href="/youtube/v3/docs/commentThreads/list#videoId">videoId</a></code> parameter has disabled comments.', 'domain': 'youtube.commentThread', 'reason': 'commentsDisabled', 'location': 'videoId', 'locationType': 'parameter'}]">
2023-11-06 14:12:40,211 - WARNING - Encountered 403 Forbidden with reason "commentsDisabled"
2023-11-06 14:12:40,211 - ERROR - Error fetching comments for video TN_YUi9GMcA: <HttpError 403 when requesting https://youtube.googleapis.com/youtube/v3/commentThreads?part=snippet&videoId=TN_YUi9GMcA&maxResults=10&order=relevance&key=AIzaSyDs9TExsfc8fDMn4lBRYXZax1vSr0ftsdk&alt=json returned "The video identified by the <code><a href="/youtube/v3/docs/commentThreads/list#videoId">videoId</a></code> parameter has disabled comments.". Details: "[{'message': 'The video identified by the <code><a href="/youtube/v3/docs/commentThreads/list#videoId">videoId</a></code> parameter has disabled comments.', 'domain': 'youtube.commentThread', 'reason': 'commentsDisabled', 'location': 'videoId', 'locationType': 'parameter'}]">
2023-11-06 14:12:40,247 - WARNING - Encountered 403 Forbidden with reason "commentsDisabled"
2023-11-06 14:12:40,247 - ERROR - Error fetching comments for video gPOKVaO7YYY: <HttpError 403 when requesting https://youtube.googleapis.com/youtube/v3/commentThreads?part=snippet&videoId=gPOKVaO7YYY&maxResults=10&order=relevance&key=AIzaSyDs9TExsfc8fDMn4lBRYXZax1vSr0ftsdk&alt=json returned "The video identified by the <code><a href="/youtube/v3/docs/commentThreads/list#videoId">videoId</a></code> parameter has disabled comments.". Details: "[{'message': 'The video identified by the <code><a href="/youtube/v3/docs/commentThreads/list#videoId">videoId</a></code> parameter has disabled comments.', 'domain': 'youtube.commentThread', 'reason': 'commentsDisabled', 'location': 'videoId', 'locationType': 'parameter'}]">
2023-11-06 14:12:40,290 - WARNING - Encountered 403 Forbidden with reason "commentsDisabled"
2023-11-06 14:12:40,290 - ERROR - Error fetching comments for video P7dqib_1D74: <HttpError 403 when requesting https://youtube.googleapis.com/youtube/v3/commentThreads?part=snippet&videoId=P7dqib_1D74&maxResults=10&order=relevance&key=AIzaSyDs9TExsfc8fDMn4lBRYXZax1vSr0ftsdk&alt=json returned "The video identified by the <code><a href="/youtube/v3/docs/commentThreads/list#videoId">videoId</a></code> parameter has disabled comments.". Details: "[{'message': 'The video identified by the <code><a href="/youtube/v3/docs/commentThreads/list#videoId">videoId</a></code> parameter has disabled comments.', 'domain': 'youtube.commentThread', 'reason': 'commentsDisabled', 'location': 'videoId', 'locationType': 'parameter'}]">
2023-11-06 14:12:40,329 - WARNING - Encountered 403 Forbidden with reason "commentsDisabled"
2023-11-06 14:12:40,329 - ERROR - Error fetching comments for video WPiMSL8RZok: <HttpError 403 when requesting https://youtube.googleapis.com/youtube/v3/commentThreads?part=snippet&videoId=WPiMSL8RZok&maxResults=10&order=relevance&key=AIzaSyDs9TExsfc8fDMn4lBRYXZax1vSr0ftsdk&alt=json returned "The video identified by the <code><a href="/youtube/v3/docs/commentThreads/list#videoId">videoId</a></code> parameter has disabled comments.". Details: "[{'message': 'The video identified by the <code><a href="/youtube/v3/docs/commentThreads/list#videoId">videoId</a></code> parameter has disabled comments.', 'domain': 'youtube.commentThread', 'reason': 'commentsDisabled', 'location': 'videoId', 'locationType': 'parameter'}]">
2023-11-06 14:12:40,369 - WARNING - Encountered 403 Forbidden with reason "commentsDisabled"
2023-11-06 14:12:40,369 - ERROR - Error fetching comments for video E6nD3mIA-ro: <HttpError 403 when requesting https://youtube.googleapis.com/youtube/v3/commentThreads?part=snippet&videoId=E6nD3mIA-ro&maxResults=10&order=relevance&key=AIzaSyDs9TExsfc8fDMn4lBRYXZax1vSr0ftsdk&alt=json returned "The video identified by the <code><a href="/youtube/v3/docs/commentThreads/list#videoId">videoId</a></code> parameter has disabled comments.". Details: "[{'message': 'The video identified by the <code><a href="/youtube/v3/docs/commentThreads/list#videoId">videoId</a></code> parameter has disabled comments.', 'domain': 'youtube.commentThread', 'reason': 'commentsDisabled', 'location': 'videoId', 'locationType': 'parameter'}]">
2023-11-06 14:12:40,429 - WARNING - Encountered 403 Forbidden with reason "commentsDisabled"
2023-11-06 14:12:40,429 - ERROR - Error fetching comments for video 5n_VLmrXFwo: <HttpError 403 when requesting https://youtube.googleapis.com/youtube/v3/commentThreads?part=snippet&videoId=5n_VLmrXFwo&maxResults=10&order=relevance&key=AIzaSyDs9TExsfc8fDMn4lBRYXZax1vSr0ftsdk&alt=json returned "The video identified by the <code><a href="/youtube/v3/docs/commentThreads/list#videoId">videoId</a></code> parameter has disabled comments.". Details: "[{'message': 'The video identified by the <code><a href="/youtube/v3/docs/commentThreads/list#videoId">videoId</a></code> parameter has disabled comments.', 'domain': 'youtube.commentThread', 'reason': 'commentsDisabled', 'location': 'videoId', 'locationType': 'parameter'}]">
2023-11-06 14:12:40,431 - INFO - Processing channel: Badabun
2023-11-06 14:12:43,597 - ERROR - Error fetching comments for video xqCUlcg3FSU: name 'playlist_id' is not defined
2023-11-06 14:12:43,760 - ERROR - Error fetching comments for video 8pgh2ar7Po0: name 'playlist_id' is not defined
2023-11-06 14:12:43,869 - ERROR - Error fetching comments for video KXHLSFFRAa8: name 'playlist_id' is not defined
2023-11-06 14:12:43,952 - ERROR - Error fetching comments for video CGiZQuz7xDQ: name 'playlist_id' is not defined
2023-11-06 14:12:44,031 - ERROR - Error fetching comments for video RSs9hABgCOQ: name 'playlist_id' is not defined
2023-11-06 14:12:44,140 - ERROR - Error fetching comments for video 9iVkJioiIuE: name 'playlist_id' is not defined
2023-11-06 14:12:44,233 - ERROR - Error fetching comments for video nJiNcB-A5gU: name 'playlist_id' is not defined
2023-11-06 14:12:44,300 - ERROR - Error fetching comments for video 4At9kUJYE3k: name 'playlist_id' is not defined
2023-11-06 14:12:44,301 - INFO - Processing channel: HikakinTV
2023-11-06 14:12:45,101 - ERROR - Error fetching comments for video kIZAw7gYQhw: name 'playlist_id' is not defined
2023-11-06 14:12:45,388 - ERROR - Error fetching comments for video higkbFOl5RA: name 'playlist_id' is not defined
2023-11-06 14:12:45,654 - ERROR - Error fetching comments for video uWZ7nTKNAeM: name 'playlist_id' is not defined
2023-11-06 14:12:46,055 - ERROR - Error fetching comments for video Kj5qw7t7E8c: name 'playlist_id' is not defined
2023-11-06 14:12:46,384 - ERROR - Error fetching comments for video 7PwiABxmOyM: name 'playlist_id' is not defined
2023-11-06 14:12:46,681 - ERROR - Error fetching comments for video 5SUVOIelSBA: name 'playlist_id' is not defined
2023-11-06 14:12:46,981 - ERROR - Error fetching comments for video hZndMcOQV5M: name 'playlist_id' is not defined
2023-11-06 14:12:47,394 - ERROR - Error fetching comments for video b7kWQkGByqU: name 'playlist_id' is not defined
2023-11-06 14:12:47,612 - ERROR - Error fetching comments for video fyZRSb7t7cA: name 'playlist_id' is not defined
2023-11-06 14:12:47,983 - ERROR - Error fetching comments for video n0hxEfOn7SA: name 'playlist_id' is not defined
2023-11-06 14:15:34,244 - INFO - file_cache is only supported with oauth2client<4.0.0
2023-11-06 14:15:34,615 - INFO - Processing channel: Aqua Ch. \u6e4a\u3042\u304f\u3042
2023-11-06 14:15:37,217 - INFO - Processing channel: Luisito Comunica
2023-11-06 14:15:40,243 - INFO - Processing channel: HikakinTV
2023-11-06 14:15:44,074 - INFO - Processing channel: MrBeast
2023-11-06 14:15:47,553 - INFO - Processing channel: Badabun
2023-11-06 14:15:50,690 - INFO - Processing channel: BLACKPINK
2023-11-06 14:15:54,387 - INFO - Processing channel: BB Ki Vines
2023-11-06 14:15:57,923 - INFO - Processing channel: Amit Bhadana
2023-11-06 14:16:01,522 - INFO - Processing channel: Cocomelon - Nursery Rhymes
2023-11-06 14:16:02,077 - WARNING - Encountered 403 Forbidden with reason "commentsDisabled"
2023-11-06 14:16:02,077 - ERROR - Error fetching comments for video nOa-h_zc2zs: <HttpError 403 when requesting https://youtube.googleapis.com/youtube/v3/commentThreads?part=snippet&videoId=nOa-h_zc2zs&maxResults=10&order=relevance&key=AIzaSyDs9TExsfc8fDMn4lBRYXZax1vSr0ftsdk&alt=json returned "The video identified by the <code><a href="/youtube/v3/docs/commentThreads/list#videoId">videoId</a></code> parameter has disabled comments.". Details: "[{'message': 'The video identified by the <code><a href="/youtube/v3/docs/commentThreads/list#videoId">videoId</a></code> parameter has disabled comments.', 'domain': 'youtube.commentThread', 'reason': 'commentsDisabled', 'location': 'videoId', 'locationType': 'parameter'}]">
2023-11-06 14:16:02,112 - WARNING - Encountered 403 Forbidden with reason "commentsDisabled"
2023-11-06 14:16:02,112 - ERROR - Error fetching comments for video 5kzGnkP2Q-c: <HttpError 403 when requesting https://youtube.googleapis.com/youtube/v3/commentThreads?part=snippet&videoId=5kzGnkP2Q-c&maxResults=10&order=relevance&key=AIzaSyDs9TExsfc8fDMn4lBRYXZax1vSr0ftsdk&alt=json returned "The video identified by the <code><a href="/youtube/v3/docs/commentThreads/list#videoId">videoId</a></code> parameter has disabled comments.". Details: "[{'message': 'The video identified by the <code><a href="/youtube/v3/docs/commentThreads/list#videoId">videoId</a></code> parameter has disabled comments.', 'domain': 'youtube.commentThread', 'reason': 'commentsDisabled', 'location': 'videoId', 'locationType': 'parameter'}]">
2023-11-06 14:16:02,147 - WARNING - Encountered 403 Forbidden with reason "commentsDisabled"
2023-11-06 14:16:02,147 - ERROR - Error fetching comments for video tenWF0iX8vE: <HttpError 403 when requesting https://youtube.googleapis.com/youtube/v3/commentThreads?part=snippet&videoId=tenWF0iX8vE&maxResults=10&order=relevance&key=AIzaSyDs9TExsfc8fDMn4lBRYXZax1vSr0ftsdk&alt=json returned "The video identified by the <code><a href="/youtube/v3/docs/commentThreads/list#videoId">videoId</a></code> parameter has disabled comments.". Details: "[{'message': 'The video identified by the <code><a href="/youtube/v3/docs/commentThreads/list#videoId">videoId</a></code> parameter has disabled comments.', 'domain': 'youtube.commentThread', 'reason': 'commentsDisabled', 'location': 'videoId', 'locationType': 'parameter'}]">
2023-11-06 14:16:02,209 - WARNING - Encountered 403 Forbidden with reason "commentsDisabled"
2023-11-06 14:16:02,209 - ERROR - Error fetching comments for video Wa-pipMEyKg: <HttpError 403 when requesting https://youtube.googleapis.com/youtube/v3/commentThreads?part=snippet&videoId=Wa-pipMEyKg&maxResults=10&order=relevance&key=AIzaSyDs9TExsfc8fDMn4lBRYXZax1vSr0ftsdk&alt=json returned "The video identified by the <code><a href="/youtube/v3/docs/commentThreads/list#videoId">videoId</a></code> parameter has disabled comments.". Details: "[{'message': 'The video identified by the <code><a href="/youtube/v3/docs/commentThreads/list#videoId">videoId</a></code> parameter has disabled comments.', 'domain': 'youtube.commentThread', 'reason': 'commentsDisabled', 'location': 'videoId', 'locationType': 'parameter'}]">
2023-11-06 14:16:02,242 - WARNING - Encountered 403 Forbidden with reason "commentsDisabled"
2023-11-06 14:16:02,242 - ERROR - Error fetching comments for video TN_YUi9GMcA: <HttpError 403 when requesting https://youtube.googleapis.com/youtube/v3/commentThreads?part=snippet&videoId=TN_YUi9GMcA&maxResults=10&order=relevance&key=AIzaSyDs9TExsfc8fDMn4lBRYXZax1vSr0ftsdk&alt=json returned "The video identified by the <code><a href="/youtube/v3/docs/commentThreads/list#videoId">videoId</a></code> parameter has disabled comments.". Details: "[{'message': 'The video identified by the <code><a href="/youtube/v3/docs/commentThreads/list#videoId">videoId</a></code> parameter has disabled comments.', 'domain': 'youtube.commentThread', 'reason': 'commentsDisabled', 'location': 'videoId', 'locationType': 'parameter'}]">
2023-11-06 14:16:02,301 - WARNING - Encountered 403 Forbidden with reason "commentsDisabled"
2023-11-06 14:16:02,301 - ERROR - Error fetching comments for video gPOKVaO7YYY: <HttpError 403 when requesting https://youtube.googleapis.com/youtube/v3/commentThreads?part=snippet&videoId=gPOKVaO7YYY&maxResults=10&order=relevance&key=AIzaSyDs9TExsfc8fDMn4lBRYXZax1vSr0ftsdk&alt=json returned "The video identified by the <code><a href="/youtube/v3/docs/commentThreads/list#videoId">videoId</a></code> parameter has disabled comments.". Details: "[{'message': 'The video identified by the <code><a href="/youtube/v3/docs/commentThreads/list#videoId">videoId</a></code> parameter has disabled comments.', 'domain': 'youtube.commentThread', 'reason': 'commentsDisabled', 'location': 'videoId', 'locationType': 'parameter'}]">
2023-11-06 14:16:02,341 - WARNING - Encountered 403 Forbidden with reason "commentsDisabled"
2023-11-06 14:16:02,341 - ERROR - Error fetching comments for video P7dqib_1D74: <HttpError 403 when requesting https://youtube.googleapis.com/youtube/v3/commentThreads?part=snippet&videoId=P7dqib_1D74&maxResults=10&order=relevance&key=AIzaSyDs9TExsfc8fDMn4lBRYXZax1vSr0ftsdk&alt=json returned "The video identified by the <code><a href="/youtube/v3/docs/commentThreads/list#videoId">videoId</a></code> parameter has disabled comments.". Details: "[{'message': 'The video identified by the <code><a href="/youtube/v3/docs/commentThreads/list#videoId">videoId</a></code> parameter has disabled comments.', 'domain': 'youtube.commentThread', 'reason': 'commentsDisabled', 'location': 'videoId', 'locationType': 'parameter'}]">
2023-11-06 14:16:02,378 - WARNING - Encountered 403 Forbidden with reason "commentsDisabled"
2023-11-06 14:16:02,378 - ERROR - Error fetching comments for video WPiMSL8RZok: <HttpError 403 when requesting https://youtube.googleapis.com/youtube/v3/commentThreads?part=snippet&videoId=WPiMSL8RZok&maxResults=10&order=relevance&key=AIzaSyDs9TExsfc8fDMn4lBRYXZax1vSr0ftsdk&alt=json returned "The video identified by the <code><a href="/youtube/v3/docs/commentThreads/list#videoId">videoId</a></code> parameter has disabled comments.". Details: "[{'message': 'The video identified by the <code><a href="/youtube/v3/docs/commentThreads/list#videoId">videoId</a></code> parameter has disabled comments.', 'domain': 'youtube.commentThread', 'reason': 'commentsDisabled', 'location': 'videoId', 'locationType': 'parameter'}]">
2023-11-06 14:16:02,408 - WARNING - Encountered 403 Forbidden with reason "commentsDisabled"
2023-11-06 14:16:02,408 - ERROR - Error fetching comments for video E6nD3mIA-ro: <HttpError 403 when requesting https://youtube.googleapis.com/youtube/v3/commentThreads?part=snippet&videoId=E6nD3mIA-ro&maxResults=10&order=relevance&key=AIzaSyDs9TExsfc8fDMn4lBRYXZax1vSr0ftsdk&alt=json returned "The video identified by the <code><a href="/youtube/v3/docs/commentThreads/list#videoId">videoId</a></code> parameter has disabled comments.". Details: "[{'message': 'The video identified by the <code><a href="/youtube/v3/docs/commentThreads/list#videoId">videoId</a></code> parameter has disabled comments.', 'domain': 'youtube.commentThread', 'reason': 'commentsDisabled', 'location': 'videoId', 'locationType': 'parameter'}]">
2023-11-06 14:16:02,454 - WARNING - Encountered 403 Forbidden with reason "commentsDisabled"
2023-11-06 14:16:02,455 - ERROR - Error fetching comments for video 5n_VLmrXFwo: <HttpError 403 when requesting https://youtube.googleapis.com/youtube/v3/commentThreads?part=snippet&videoId=5n_VLmrXFwo&maxResults=10&order=relevance&key=AIzaSyDs9TExsfc8fDMn4lBRYXZax1vSr0ftsdk&alt=json returned "The video identified by the <code><a href="/youtube/v3/docs/commentThreads/list#videoId">videoId</a></code> parameter has disabled comments.". Details: "[{'message': 'The video identified by the <code><a href="/youtube/v3/docs/commentThreads/list#videoId">videoId</a></code> parameter has disabled comments.', 'domain': 'youtube.commentThread', 'reason': 'commentsDisabled', 'location': 'videoId', 'locationType': 'parameter'}]">
2023-11-06 14:18:22,641 - INFO - file_cache is only supported with oauth2client<4.0.0
2023-11-06 14:18:23,042 - INFO - Processing channel: Badabun
2023-11-06 14:18:25,537 - ERROR - Error fetching comments for video oWdQUe1qJr8: name 'playlist_id' is not defined
2023-11-06 14:18:25,537 - ERROR - Error fetching comments for video xqCUlcg3FSU: name 'playlist_id' is not defined
2023-11-06 14:18:25,538 - ERROR - Error fetching comments for video 3SbZhB0PbTw: name 'playlist_id' is not defined
2023-11-06 14:18:25,538 - ERROR - Error fetching comments for video 8pgh2ar7Po0: name 'playlist_id' is not defined
2023-11-06 14:18:25,538 - ERROR - Error fetching comments for video KXHLSFFRAa8: name 'playlist_id' is not defined
2023-11-06 14:18:25,538 - ERROR - Error fetching comments for video CGiZQuz7xDQ: name 'playlist_id' is not defined
2023-11-06 14:18:25,539 - ERROR - Error fetching comments for video RSs9hABgCOQ: name 'playlist_id' is not defined
2023-11-06 14:18:25,539 - ERROR - Error fetching comments for video 9iVkJioiIuE: name 'playlist_id' is not defined
2023-11-06 14:18:25,539 - ERROR - Error fetching comments for video nJiNcB-A5gU: name 'playlist_id' is not defined
2023-11-06 14:18:25,539 - ERROR - Error fetching comments for video 4At9kUJYE3k: name 'playlist_id' is not defined
2023-11-06 14:18:25,540 - INFO - Processing channel: BB Ki Vines
2023-11-06 14:18:26,166 - ERROR - Error fetching comments for video UrIaQbIK2E4: name 'playlist_id' is not defined
2023-11-06 14:18:26,166 - ERROR - Error fetching comments for video Nwh6CQ50h0g: name 'playlist_id' is not defined
2023-11-06 14:18:26,167 - ERROR - Error fetching comments for video HbTON0nb4DU: name 'playlist_id' is not defined
2023-11-06 14:18:26,167 - ERROR - Error fetching comments for video zm6xa3ggt5A: name 'playlist_id' is not defined
2023-11-06 14:18:26,167 - ERROR - Error fetching comments for video xNTW2KfErTM: name 'playlist_id' is not defined
2023-11-06 14:18:26,167 - ERROR - Error fetching comments for video cVPI4ppiDSA: name 'playlist_id' is not defined
2023-11-06 14:18:26,168 - ERROR - Error fetching comments for video xna_PkWzPVE: name 'playlist_id' is not defined
2023-11-06 14:18:26,168 - ERROR - Error fetching comments for video PgKxqbXO198: name 'playlist_id' is not defined
2023-11-06 14:18:26,168 - ERROR - Error fetching comments for video WEExPj6CMss: name 'playlist_id' is not defined
2023-11-06 14:18:26,168 - ERROR - Error fetching comments for video l8zlKap1JEo: name 'playlist_id' is not defined
2023-11-06 14:18:26,169 - INFO - Processing channel: HikakinTV
2023-11-06 14:18:27,089 - ERROR - Error fetching comments for video kIZAw7gYQhw: name 'playlist_id' is not defined
2023-11-06 14:18:27,089 - ERROR - Error fetching comments for video higkbFOl5RA: name 'playlist_id' is not defined
2023-11-06 14:18:27,089 - ERROR - Error fetching comments for video uWZ7nTKNAeM: name 'playlist_id' is not defined
2023-11-06 14:18:27,089 - ERROR - Error fetching comments for video Kj5qw7t7E8c: name 'playlist_id' is not defined
2023-11-06 14:18:27,090 - ERROR - Error fetching comments for video 7PwiABxmOyM: name 'playlist_id' is not defined
2023-11-06 14:18:27,090 - ERROR - Error fetching comments for video 5SUVOIelSBA: name 'playlist_id' is not defined
2023-11-06 14:18:27,090 - ERROR - Error fetching comments for video hZndMcOQV5M: name 'playlist_id' is not defined
2023-11-06 14:18:27,090 - ERROR - Error fetching comments for video b7kWQkGByqU: name 'playlist_id' is not defined
2023-11-06 14:18:27,091 - ERROR - Error fetching comments for video fyZRSb7t7cA: name 'playlist_id' is not defined
2023-11-06 14:18:27,091 - ERROR - Error fetching comments for video n0hxEfOn7SA: name 'playlist_id' is not defined
2023-11-06 14:18:27,092 - INFO - Processing channel: Amit Bhadana
2023-11-06 14:18:27,654 - ERROR - Error fetching comments for video 0msPCoU0GY8: name 'playlist_id' is not defined
2023-11-06 14:18:27,655 - ERROR - Error fetching comments for video d3O2cnQHItg: name 'playlist_id' is not defined
2023-11-06 14:18:27,655 - ERROR - Error fetching comments for video OKzvVmX7naI: name 'playlist_id' is not defined
2023-11-06 14:18:27,655 - ERROR - Error fetching comments for video AlAJ3Ykst7E: name 'playlist_id' is not defined
2023-11-06 14:18:27,656 - ERROR - Error fetching comments for video BwBY_2w1Ygo: name 'playlist_id' is not defined
2023-11-06 14:18:27,656 - ERROR - Error fetching comments for video cE0ZbRKWK8c: name 'playlist_id' is not defined
2023-11-06 14:18:27,656 - ERROR - Error fetching comments for video Mhkb8EbZaf0: name 'playlist_id' is not defined
2023-11-06 14:18:27,656 - ERROR - Error fetching comments for video XS0ANHZQbOg: name 'playlist_id' is not defined
2023-11-06 14:18:27,657 - ERROR - Error fetching comments for video 8KxhPvDw97U: name 'playlist_id' is not defined
2023-11-06 14:18:27,657 - ERROR - Error fetching comments for video 45n4vHs1hww: name 'playlist_id' is not defined
2023-11-06 14:18:27,658 - INFO - Processing channel: Cocomelon - Nursery Rhymes
2023-11-06 14:18:28,099 - ERROR - Error fetching comments for video nOa-h_zc2zs: name 'playlist_id' is not defined
2023-11-06 14:18:28,099 - ERROR - Error fetching comments for video 5kzGnkP2Q-c: name 'playlist_id' is not defined
2023-11-06 14:18:28,099 - ERROR - Error fetching comments for video tenWF0iX8vE: name 'playlist_id' is not defined
2023-11-06 14:18:28,099 - ERROR - Error fetching comments for video Wa-pipMEyKg: name 'playlist_id' is not defined
2023-11-06 14:18:28,100 - ERROR - Error fetching comments for video TN_YUi9GMcA: name 'playlist_id' is not defined
2023-11-06 14:18:28,100 - ERROR - Error fetching comments for video gPOKVaO7YYY: name 'playlist_id' is not defined
2023-11-06 14:18:28,100 - ERROR - Error fetching comments for video P7dqib_1D74: name 'playlist_id' is not defined
2023-11-06 14:18:28,100 - ERROR - Error fetching comments for video WPiMSL8RZok: name 'playlist_id' is not defined
2023-11-06 14:18:28,101 - ERROR - Error fetching comments for video E6nD3mIA-ro: name 'playlist_id' is not defined
2023-11-06 14:18:28,101 - ERROR - Error fetching comments for video 5n_VLmrXFwo: name 'playlist_id' is not defined
2023-11-06 14:18:28,102 - INFO - Processing channel: MrBeast
2023-11-06 14:18:28,607 - ERROR - Error fetching comments for video mwKJfNYwvm8: name 'playlist_id' is not defined
2023-11-06 14:18:28,607 - ERROR - Error fetching comments for video l9_8_pDTmis: name 'playlist_id' is not defined
2023-11-06 14:18:28,608 - ERROR - Error fetching comments for video n7x4Jj9pdH8: name 'playlist_id' is not defined
2023-11-06 14:18:28,608 - ERROR - Error fetching comments for video QjvpjXdgugA: name 'playlist_id' is not defined
2023-11-06 14:18:28,608 - ERROR - Error fetching comments for video jGAJCAuV3pQ: name 'playlist_id' is not defined
2023-11-06 14:18:28,608 - ERROR - Error fetching comments for video c0v8OPItCOg: name 'playlist_id' is not defined
2023-11-06 14:18:28,608 - ERROR - Error fetching comments for video 3ryID_SwU5E: name 'playlist_id' is not defined
2023-11-06 14:18:28,609 - ERROR - Error fetching comments for video IemzxkkzI5s: name 'playlist_id' is not defined
2023-11-06 14:18:28,609 - ERROR - Error fetching comments for video 3OFj6l2tQ9s: name 'playlist_id' is not defined
2023-11-06 14:18:28,609 - ERROR - Error fetching comments for video bvlFjrcpD6s: name 'playlist_id' is not defined
2023-11-06 14:18:28,610 - INFO - Processing channel: Aqua Ch. \u6e4a\u3042\u304f\u3042
2023-11-06 14:18:29,163 - ERROR - Error fetching comments for video kbdKjI4Wfvk: name 'playlist_id' is not defined
2023-11-06 14:18:29,164 - ERROR - Error fetching comments for video f5y29bL-VmE: name 'playlist_id' is not defined
2023-11-06 14:18:29,164 - ERROR - Error fetching comments for video uWYnnKX9h0E: name 'playlist_id' is not defined
2023-11-06 14:18:29,164 - ERROR - Error fetching comments for video isoHzeKjeCY: name 'playlist_id' is not defined
2023-11-06 14:18:29,165 - ERROR - Error fetching comments for video PfH3ujl1G24: name 'playlist_id' is not defined
2023-11-06 14:18:29,165 - ERROR - Error fetching comments for video P2JRlW8ShIA: name 'playlist_id' is not defined
2023-11-06 14:18:29,165 - ERROR - Error fetching comments for video D9ZcWMN0p_Y: name 'playlist_id' is not defined
2023-11-06 14:18:29,165 - ERROR - Error fetching comments for video jEsy2SstFg4: name 'playlist_id' is not defined
2023-11-06 14:18:29,165 - ERROR - Error fetching comments for video iUF4xe8wHkU: name 'playlist_id' is not defined
2023-11-06 14:18:29,166 - ERROR - Error fetching comments for video 4-3TTGBSnqk: name 'playlist_id' is not defined
2023-11-06 14:18:29,167 - INFO - Processing channel: Luisito Comunica
2023-11-06 14:18:29,643 - ERROR - Error fetching comments for video fTUre_Sl20A: name 'playlist_id' is not defined
2023-11-06 14:18:29,643 - ERROR - Error fetching comments for video Zh6kAWTGQ0s: name 'playlist_id' is not defined
2023-11-06 14:18:29,644 - ERROR - Error fetching comments for video WIOOLzXpdRw: name 'playlist_id' is not defined
2023-11-06 14:18:29,644 - ERROR - Error fetching comments for video u_7nNWRg8L8: name 'playlist_id' is not defined
2023-11-06 14:18:29,644 - ERROR - Error fetching comments for video 1zOJv-JuXuQ: name 'playlist_id' is not defined
2023-11-06 14:18:29,644 - ERROR - Error fetching comments for video cdEjMstxXpk: name 'playlist_id' is not defined
2023-11-06 14:18:29,645 - ERROR - Error fetching comments for video Wa7zKL2abFc: name 'playlist_id' is not defined
2023-11-06 14:18:29,645 - ERROR - Error fetching comments for video PAjZE9CdSnY: name 'playlist_id' is not defined
2023-11-06 14:18:29,645 - ERROR - Error fetching comments for video wUuS1JCZGHs: name 'playlist_id' is not defined
2023-11-06 14:18:29,645 - ERROR - Error fetching comments for video ow1wdsm64Jk: name 'playlist_id' is not defined
2023-11-06 14:18:29,646 - INFO - Processing channel: BLACKPINK
2023-11-06 14:18:30,183 - ERROR - Error fetching comments for video 6lw4Cbk1IzA: name 'playlist_id' is not defined
2023-11-06 14:18:30,183 - ERROR - Error fetching comments for video Yl_rmlS4u9s: name 'playlist_id' is not defined
2023-11-06 14:18:30,183 - ERROR - Error fetching comments for video q9lQG1shW6o: name 'playlist_id' is not defined
2023-11-06 14:18:30,183 - ERROR - Error fetching comments for video OCxrWKk-Jbw: name 'playlist_id' is not defined
2023-11-06 14:18:30,184 - ERROR - Error fetching comments for video ZgLlabyz7oY: name 'playlist_id' is not defined
2023-11-06 14:18:30,184 - ERROR - Error fetching comments for video fLfPgF92c-g: name 'playlist_id' is not defined
2023-11-06 14:18:30,184 - ERROR - Error fetching comments for video ZSc-zcWl2g8: name 'playlist_id' is not defined
2023-11-06 14:18:30,184 - ERROR - Error fetching comments for video jFJzCODStOQ: name 'playlist_id' is not defined
2023-11-06 14:18:30,185 - ERROR - Error fetching comments for video TIbItS4-4bQ: name 'playlist_id' is not defined
2023-11-06 14:18:30,185 - ERROR - Error fetching comments for video CpbJO2Z6DA4: name 'playlist_id' is not defined
2023-11-06 14:20:04,837 - INFO - file_cache is only supported with oauth2client<4.0.0
2023-11-06 14:20:05,224 - INFO - Processing channel: Luisito Comunica
2023-11-06 14:20:08,448 - INFO - Processing channel: BB Ki Vines
2023-11-06 14:20:12,216 - INFO - Processing channel: Cocomelon - Nursery Rhymes
2023-11-06 14:20:12,855 - WARNING - Encountered 403 Forbidden with reason "commentsDisabled"
2023-11-06 14:20:12,855 - ERROR - Error fetching comments for video nOa-h_zc2zs: <HttpError 403 when requesting https://youtube.googleapis.com/youtube/v3/commentThreads?part=snippet&videoId=nOa-h_zc2zs&maxResults=10&order=relevance&key=AIzaSyDs9TExsfc8fDMn4lBRYXZax1vSr0ftsdk&alt=json returned "The video identified by the <code><a href="/youtube/v3/docs/commentThreads/list#videoId">videoId</a></code> parameter has disabled comments.". Details: "[{'message': 'The video identified by the <code><a href="/youtube/v3/docs/commentThreads/list#videoId">videoId</a></code> parameter has disabled comments.', 'domain': 'youtube.commentThread', 'reason': 'commentsDisabled', 'location': 'videoId', 'locationType': 'parameter'}]">
2023-11-06 14:20:12,904 - WARNING - Encountered 403 Forbidden with reason "commentsDisabled"
2023-11-06 14:20:12,904 - ERROR - Error fetching comments for video 5kzGnkP2Q-c: <HttpError 403 when requesting https://youtube.googleapis.com/youtube/v3/commentThreads?part=snippet&videoId=5kzGnkP2Q-c&maxResults=10&order=relevance&key=AIzaSyDs9TExsfc8fDMn4lBRYXZax1vSr0ftsdk&alt=json returned "The video identified by the <code><a href="/youtube/v3/docs/commentThreads/list#videoId">videoId</a></code> parameter has disabled comments.". Details: "[{'message': 'The video identified by the <code><a href="/youtube/v3/docs/commentThreads/list#videoId">videoId</a></code> parameter has disabled comments.', 'domain': 'youtube.commentThread', 'reason': 'commentsDisabled', 'location': 'videoId', 'locationType': 'parameter'}]">
2023-11-06 14:20:12,942 - WARNING - Encountered 403 Forbidden with reason "commentsDisabled"
2023-11-06 14:20:12,942 - ERROR - Error fetching comments for video tenWF0iX8vE: <HttpError 403 when requesting https://youtube.googleapis.com/youtube/v3/commentThreads?part=snippet&videoId=tenWF0iX8vE&maxResults=10&order=relevance&key=AIzaSyDs9TExsfc8fDMn4lBRYXZax1vSr0ftsdk&alt=json returned "The video identified by the <code><a href="/youtube/v3/docs/commentThreads/list#videoId">videoId</a></code> parameter has disabled comments.". Details: "[{'message': 'The video identified by the <code><a href="/youtube/v3/docs/commentThreads/list#videoId">videoId</a></code> parameter has disabled comments.', 'domain': 'youtube.commentThread', 'reason': 'commentsDisabled', 'location': 'videoId', 'locationType': 'parameter'}]">
2023-11-06 14:20:12,983 - WARNING - Encountered 403 Forbidden with reason "commentsDisabled"
2023-11-06 14:20:12,983 - ERROR - Error fetching comments for video Wa-pipMEyKg: <HttpError 403 when requesting https://youtube.googleapis.com/youtube/v3/commentThreads?part=snippet&videoId=Wa-pipMEyKg&maxResults=10&order=relevance&key=AIzaSyDs9TExsfc8fDMn4lBRYXZax1vSr0ftsdk&alt=json returned "The video identified by the <code><a href="/youtube/v3/docs/commentThreads/list#videoId">videoId</a></code> parameter has disabled comments.". Details: "[{'message': 'The video identified by the <code><a href="/youtube/v3/docs/commentThreads/list#videoId">videoId</a></code> parameter has disabled comments.', 'domain': 'youtube.commentThread', 'reason': 'commentsDisabled', 'location': 'videoId', 'locationType': 'parameter'}]">
2023-11-06 14:20:13,037 - WARNING - Encountered 403 Forbidden with reason "commentsDisabled"
2023-11-06 14:20:13,037 - ERROR - Error fetching comments for video TN_YUi9GMcA: <HttpError 403 when requesting https://youtube.googleapis.com/youtube/v3/commentThreads?part=snippet&videoId=TN_YUi9GMcA&maxResults=10&order=relevance&key=AIzaSyDs9TExsfc8fDMn4lBRYXZax1vSr0ftsdk&alt=json returned "The video identified by the <code><a href="/youtube/v3/docs/commentThreads/list#videoId">videoId</a></code> parameter has disabled comments.". Details: "[{'message': 'The video identified by the <code><a href="/youtube/v3/docs/commentThreads/list#videoId">videoId</a></code> parameter has disabled comments.', 'domain': 'youtube.commentThread', 'reason': 'commentsDisabled', 'location': 'videoId', 'locationType': 'parameter'}]">
2023-11-06 14:20:13,091 - WARNING - Encountered 403 Forbidden with reason "commentsDisabled"
2023-11-06 14:20:13,092 - ERROR - Error fetching comments for video gPOKVaO7YYY: <HttpError 403 when requesting https://youtube.googleapis.com/youtube/v3/commentThreads?part=snippet&videoId=gPOKVaO7YYY&maxResults=10&order=relevance&key=AIzaSyDs9TExsfc8fDMn4lBRYXZax1vSr0ftsdk&alt=json returned "The video identified by the <code><a href="/youtube/v3/docs/commentThreads/list#videoId">videoId</a></code> parameter has disabled comments.". Details: "[{'message': 'The video identified by the <code><a href="/youtube/v3/docs/commentThreads/list#videoId">videoId</a></code> parameter has disabled comments.', 'domain': 'youtube.commentThread', 'reason': 'commentsDisabled', 'location': 'videoId', 'locationType': 'parameter'}]">
2023-11-06 14:20:13,126 - WARNING - Encountered 403 Forbidden with reason "commentsDisabled"
2023-11-06 14:20:13,126 - ERROR - Error fetching comments for video P7dqib_1D74: <HttpError 403 when requesting https://youtube.googleapis.com/youtube/v3/commentThreads?part=snippet&videoId=P7dqib_1D74&maxResults=10&order=relevance&key=AIzaSyDs9TExsfc8fDMn4lBRYXZax1vSr0ftsdk&alt=json returned "The video identified by the <code><a href="/youtube/v3/docs/commentThreads/list#videoId">videoId</a></code> parameter has disabled comments.". Details: "[{'message': 'The video identified by the <code><a href="/youtube/v3/docs/commentThreads/list#videoId">videoId</a></code> parameter has disabled comments.', 'domain': 'youtube.commentThread', 'reason': 'commentsDisabled', 'location': 'videoId', 'locationType': 'parameter'}]">
2023-11-06 14:20:13,177 - WARNING - Encountered 403 Forbidden with reason "commentsDisabled"
2023-11-06 14:20:13,177 - ERROR - Error fetching comments for video WPiMSL8RZok: <HttpError 403 when requesting https://youtube.googleapis.com/youtube/v3/commentThreads?part=snippet&videoId=WPiMSL8RZok&maxResults=10&order=relevance&key=AIzaSyDs9TExsfc8fDMn4lBRYXZax1vSr0ftsdk&alt=json returned "The video identified by the <code><a href="/youtube/v3/docs/commentThreads/list#videoId">videoId</a></code> parameter has disabled comments.". Details: "[{'message': 'The video identified by the <code><a href="/youtube/v3/docs/commentThreads/list#videoId">videoId</a></code> parameter has disabled comments.', 'domain': 'youtube.commentThread', 'reason': 'commentsDisabled', 'location': 'videoId', 'locationType': 'parameter'}]">
2023-11-06 14:20:13,219 - WARNING - Encountered 403 Forbidden with reason "commentsDisabled"
2023-11-06 14:20:13,219 - ERROR - Error fetching comments for video E6nD3mIA-ro: <HttpError 403 when requesting https://youtube.googleapis.com/youtube/v3/commentThreads?part=snippet&videoId=E6nD3mIA-ro&maxResults=10&order=relevance&key=AIzaSyDs9TExsfc8fDMn4lBRYXZax1vSr0ftsdk&alt=json returned "The video identified by the <code><a href="/youtube/v3/docs/commentThreads/list#videoId">videoId</a></code> parameter has disabled comments.". Details: "[{'message': 'The video identified by the <code><a href="/youtube/v3/docs/commentThreads/list#videoId">videoId</a></code> parameter has disabled comments.', 'domain': 'youtube.commentThread', 'reason': 'commentsDisabled', 'location': 'videoId', 'locationType': 'parameter'}]">
2023-11-06 14:20:13,256 - WARNING - Encountered 403 Forbidden with reason "commentsDisabled"
2023-11-06 14:20:13,256 - ERROR - Error fetching comments for video 5n_VLmrXFwo: <HttpError 403 when requesting https://youtube.googleapis.com/youtube/v3/commentThreads?part=snippet&videoId=5n_VLmrXFwo&maxResults=10&order=relevance&key=AIzaSyDs9TExsfc8fDMn4lBRYXZax1vSr0ftsdk&alt=json returned "The video identified by the <code><a href="/youtube/v3/docs/commentThreads/list#videoId">videoId</a></code> parameter has disabled comments.". Details: "[{'message': 'The video identified by the <code><a href="/youtube/v3/docs/commentThreads/list#videoId">videoId</a></code> parameter has disabled comments.', 'domain': 'youtube.commentThread', 'reason': 'commentsDisabled', 'location': 'videoId', 'locationType': 'parameter'}]">
2023-11-06 14:20:13,257 - INFO - Processing channel: MrBeast
2023-11-06 14:20:16,642 - INFO - Processing channel: HikakinTV
2023-11-06 14:20:23,068 - INFO - Processing channel: Aqua Ch. \u6e4a\u3042\u304f\u3042
2023-11-06 14:20:25,374 - INFO - Processing channel: Badabun
2023-11-06 14:20:28,050 - INFO - Processing channel: BLACKPINK
2023-11-06 14:20:31,588 - INFO - Processing channel: Amit Bhadana
